<?xml version="1.0" encoding="UTF-8"?>
<coverage generated="1604694914573" clover="3.2.0">
  <project timestamp="1604694914573" name="All files">
    <metrics statements="21" coveredstatements="21" conditionals="6" coveredconditionals="4" methods="9" coveredmethods="9" elements="36" coveredelements="34" complexity="0" loc="21" ncloc="21" packages="2" files="3" classes="3"/>
    <package name="maps">
      <metrics statements="2" coveredstatements="2" conditionals="0" coveredconditionals="0" methods="0" coveredmethods="0"/>
      <file name="allMaps.ts" path="/Users/yusif/Developer/Tiralabra/src/maps/allMaps.ts">
        <metrics statements="2" coveredstatements="2" conditionals="0" coveredconditionals="0" methods="0" coveredmethods="0"/>
        <line num="4" count="1" type="stmt"/>
        <line num="70" count="1" type="stmt"/>
      </file>
    </package>
    <package name="utils">
      <metrics statements="19" coveredstatements="19" conditionals="6" coveredconditionals="4" methods="9" coveredmethods="9"/>
      <file name="listMaps.ts" path="/Users/yusif/Developer/Tiralabra/src/utils/listMaps.ts">
        <metrics statements="3" coveredstatements="3" conditionals="0" coveredconditionals="0" methods="2" coveredmethods="2"/>
        <line num="1" count="1" type="stmt"/>
        <line num="5" count="1" type="stmt"/>
        <line num="6" count="1" type="stmt"/>
      </file>
      <file name="readMap.ts" path="/Users/yusif/Developer/Tiralabra/src/utils/readMap.ts">
        <metrics statements="16" coveredstatements="16" conditionals="6" coveredconditionals="4" methods="7" coveredmethods="7"/>
        <line num="5" count="1" type="stmt"/>
        <line num="6" count="1" type="cond" truecount="1" falsecount="1"/>
        <line num="7" count="2" type="stmt"/>
        <line num="9" count="1" type="stmt"/>
        <line num="16" count="1" type="stmt"/>
        <line num="17" count="1" type="stmt"/>
        <line num="18" count="1" type="cond" truecount="1" falsecount="1"/>
        <line num="19" count="1" type="stmt"/>
        <line num="20" count="1" type="stmt"/>
        <line num="21" count="1" type="stmt"/>
        <line num="22" count="1" type="stmt"/>
        <line num="23" count="1" type="stmt"/>
        <line num="25" count="1" type="stmt"/>
        <line num="26" count="1024" type="cond" truecount="2" falsecount="0"/>
        <line num="29" count="1" type="stmt"/>
        <line num="35" count="1" type="stmt"/>
      </file>
    </package>
  </project>
</coverage>
