{"/Users/yusif/Developer/Tiralabra/src/maps/allMaps.ts": {"path":"/Users/yusif/Developer/Tiralabra/src/maps/allMaps.ts","statementMap":{"0":{"start":{"line":4,"column":13},"end":{"line":68,"column":null}},"1":{"start":{"line":70,"column":0},"end":{"line":70,"column":null}}},"fnMap":{},"branchMap":{},"s":{"0":1,"1":1},"f":{},"b":{}}
,"/Users/yusif/Developer/Tiralabra/src/utils/listMaps.ts": {"path":"/Users/yusif/Developer/Tiralabra/src/utils/listMaps.ts","statementMap":{"0":{"start":{"line":1,"column":0},"end":{"line":1,"column":34}},"1":{"start":{"line":5,"column":13},"end":{"line":7,"column":null}},"2":{"start":{"line":5,"column":35},"end":{"line":7,"column":null}},"3":{"start":{"line":6,"column":2},"end":{"line":6,"column":null}}},"fnMap":{"0":{"name":"(anonymous_8)","decl":{"start":{"line":5,"column":24},"end":{"line":5,"column":33}},"loc":{"start":{"line":5,"column":35},"end":{"line":7,"column":null}}},"1":{"name":"(anonymous_9)","decl":{"start":{"line":5,"column":35},"end":{"line":5,"column":null}},"loc":{"start":{"line":5,"column":35},"end":{"line":7,"column":1}}}},"branchMap":{},"s":{"0":1,"1":1,"2":1,"3":1},"f":{"0":1,"1":1},"b":{}}
,"/Users/yusif/Developer/Tiralabra/src/utils/readMap.ts": {"path":"/Users/yusif/Developer/Tiralabra/src/utils/readMap.ts","statementMap":{"0":{"start":{"line":5,"column":16},"end":{"line":10,"column":null}},"1":{"start":{"line":5,"column":42},"end":{"line":10,"column":null}},"2":{"start":{"line":6,"column":2},"end":{"line":6,"column":null}},"3":{"start":{"line":6,"column":22},"end":{"line":6,"column":null}},"4":{"start":{"line":7,"column":15},"end":{"line":7,"column":52}},"5":{"start":{"line":9,"column":2},"end":{"line":9,"column":null}},"6":{"start":{"line":16,"column":13},"end":{"line":36,"column":null}},"7":{"start":{"line":16,"column":70},"end":{"line":36,"column":null}},"8":{"start":{"line":17,"column":18},"end":{"line":17,"column":40}},"9":{"start":{"line":18,"column":2},"end":{"line":18,"column":null}},"10":{"start":{"line":18,"column":16},"end":{"line":18,"column":null}},"11":{"start":{"line":19,"column":16},"end":{"line":19,"column":35}},"12":{"start":{"line":20,"column":15},"end":{"line":20,"column":43}},"13":{"start":{"line":21,"column":17},"end":{"line":21,"column":55}},"14":{"start":{"line":22,"column":16},"end":{"line":22,"column":54}},"15":{"start":{"line":23,"column":2},"end":{"line":23,"column":null}},"16":{"start":{"line":25,"column":19},"end":{"line":26,"column":null}},"17":{"start":{"line":26,"column":4},"end":{"line":26,"column":65}},"18":{"start":{"line":26,"column":36},"end":{"line":26,"column":64}},"19":{"start":{"line":29,"column":20},"end":{"line":34,"column":null}},"20":{"start":{"line":35,"column":2},"end":{"line":35,"column":null}}},"fnMap":{"0":{"name":"(anonymous_13)","decl":{"start":{"line":5,"column":16},"end":{"line":5,"column":23}},"loc":{"start":{"line":5,"column":42},"end":{"line":10,"column":null}}},"1":{"name":"(anonymous_14)","decl":{"start":{"line":5,"column":42},"end":{"line":5,"column":null}},"loc":{"start":{"line":5,"column":42},"end":{"line":10,"column":1}}},"2":{"name":"(anonymous_15)","decl":{"start":{"line":7,"column":15},"end":{"line":7,"column":28}},"loc":{"start":{"line":7,"column":15},"end":{"line":7,"column":52}}},"3":{"name":"(anonymous_16)","decl":{"start":{"line":16,"column":24},"end":{"line":16,"column":31}},"loc":{"start":{"line":16,"column":70},"end":{"line":36,"column":null}}},"4":{"name":"(anonymous_17)","decl":{"start":{"line":16,"column":70},"end":{"line":16,"column":null}},"loc":{"start":{"line":16,"column":70},"end":{"line":36,"column":1}}},"5":{"name":"(anonymous_18)","decl":{"start":{"line":25,"column":33},"end":{"line":25,"column":34}},"loc":{"start":{"line":26,"column":4},"end":{"line":26,"column":65}}},"6":{"name":"(anonymous_19)","decl":{"start":{"line":26,"column":23},"end":{"line":26,"column":24}},"loc":{"start":{"line":26,"column":36},"end":{"line":26,"column":64}}}},"branchMap":{"0":{"loc":{"start":{"line":6,"column":2},"end":{"line":6,"column":null}},"type":"if","locations":[{"start":{"line":6,"column":2},"end":{"line":6,"column":null}},{"start":{"line":6,"column":2},"end":{"line":6,"column":null}}]},"1":{"loc":{"start":{"line":18,"column":2},"end":{"line":18,"column":null}},"type":"if","locations":[{"start":{"line":18,"column":2},"end":{"line":18,"column":null}},{"start":{"line":18,"column":2},"end":{"line":18,"column":null}}]},"2":{"loc":{"start":{"line":26,"column":58},"end":{"line":26,"column":59}},"type":"cond-expr","locations":[{"start":{"line":26,"column":58},"end":{"line":26,"column":59}},{"start":{"line":26,"column":62},"end":{"line":26,"column":63}}]}},"s":{"0":1,"1":1,"2":1,"3":0,"4":2,"5":1,"6":1,"7":1,"8":1,"9":1,"10":0,"11":1,"12":1,"13":1,"14":1,"15":1,"16":1,"17":32,"18":1024,"19":1,"20":1},"f":{"0":1,"1":1,"2":1,"3":1,"4":1,"5":32,"6":1024},"b":{"0":[0,1],"1":[0,1],"2":[137,887]}}
}
