TN:
SF:src/maps/allMaps.ts
FNF:0
FNH:0
DA:4,1
DA:70,1
LF:2
LH:2
BRF:0
BRH:0
end_of_record
TN:
SF:src/utils/listMaps.ts
FN:5,(anonymous_8)
FN:5,(anonymous_9)
FNF:2
FNH:2
FNDA:1,(anonymous_8)
FNDA:1,(anonymous_9)
DA:1,1
DA:5,1
DA:6,1
LF:3
LH:3
BRF:0
BRH:0
end_of_record
TN:
SF:src/utils/readMap.ts
FN:5,(anonymous_13)
FN:5,(anonymous_14)
FN:7,(anonymous_15)
FN:16,(anonymous_16)
FN:16,(anonymous_17)
FN:25,(anonymous_18)
FN:26,(anonymous_19)
FNF:7
FNH:7
FNDA:1,(anonymous_13)
FNDA:1,(anonymous_14)
FNDA:1,(anonymous_15)
FNDA:1,(anonymous_16)
FNDA:1,(anonymous_17)
FNDA:32,(anonymous_18)
FNDA:1024,(anonymous_19)
DA:5,1
DA:6,1
DA:7,2
DA:9,1
DA:16,1
DA:17,1
DA:18,1
DA:19,1
DA:20,1
DA:21,1
DA:22,1
DA:23,1
DA:25,1
DA:26,1024
DA:29,1
DA:35,1
LF:16
LH:16
BRDA:6,0,0,0
BRDA:6,0,1,1
BRDA:18,1,0,0
BRDA:18,1,1,1
BRDA:26,2,0,137
BRDA:26,2,1,887
BRF:6
BRH:4
end_of_record
